[INFO](2022/05/10/ 08:14:00 PM) 
[WELCOME] Unfolding configurations...!
[INFO](2022/05/10/ 08:14:00 PM) {'global_config': {'seed': 5959, 'device': 'cuda', 'is_mp': True}}
[INFO](2022/05/10/ 08:14:00 PM) {'data_config': {'data_path': './data/', 'dataset_name': 'MNIST', 'num_shards': 200, 'iid': False}}
[INFO](2022/05/10/ 08:14:00 PM) {'fed_config': {'C': 0.1, 'K': 100, 'R': 500, 'E': 10, 'B': 10, 'criterion': 'torch.nn.CrossEntropyLoss', 'optimizer': 'torch.optim.SGD'}}
[INFO](2022/05/10/ 08:14:00 PM) {'optim_config': {'lr': 0.01, 'momentum': 0.9}}
[INFO](2022/05/10/ 08:14:00 PM) {'init_config': {'init_type': 'xavier', 'init_gain': 1.0, 'gpu_ids': [0]}}
[INFO](2022/05/10/ 08:14:00 PM) {'model_config': {'name': 'CNN', 'in_channels': 1, 'hidden_channels': 32, 'num_hiddens': 512, 'num_classes': 10}}
[INFO](2022/05/10/ 08:14:00 PM) {'log_config': {'log_path': './log/2022-05-10_20_13_57', 'log_name': 'FL.log', 'tb_port': 5252, 'tb_host': '0.0.0.0'}}
[INFO](2022/05/10/ 08:14:03 PM) [Round: 0000] ...successfully initialized model (# parameters: 1662752)!
[INFO](2022/05/10/ 08:14:04 PM) [Round: 0000] ...successfully created all 100 clients!
[INFO](2022/05/10/ 08:14:04 PM) [Round: 0000] ...successfully finished setup of all 100 clients!
[INFO](2022/05/10/ 08:14:04 PM) [Round: 0000] ...successfully transmitted models to all 100 clients!
[INFO](2022/05/10/ 08:14:05 PM) [Round: 0001] Select clients...!
[INFO](2022/05/10/ 08:14:05 PM) [Round: 0001] ...successfully transmitted models to 10 selected clients!
[INFO](2022/05/10/ 08:14:05 PM) [Round: 0001] Start updating selected client 0003...!
[INFO](2022/05/10/ 08:14:05 PM) [Round: 0001] Start updating selected client 0008...!
[INFO](2022/05/10/ 08:14:05 PM) [Round: 0001] Start updating selected client 0018...!
[INFO](2022/05/10/ 08:14:05 PM) [Round: 0001] Start updating selected client 0026...!
[INFO](2022/05/10/ 08:14:05 PM) [Round: 0001] Start updating selected client 0034...!
[INFO](2022/05/10/ 08:14:05 PM) [Round: 0001] Start updating selected client 0038...!
[INFO](2022/05/10/ 08:14:05 PM) [Round: 0001] Start updating selected client 0041...!
[INFO](2022/05/10/ 08:14:05 PM) [Round: 0001] Start updating selected client 0060...!
[INFO](2022/05/10/ 08:14:05 PM) [Round: 0001] Start updating selected client 0051...!
[INFO](2022/05/10/ 08:14:05 PM) [Round: 0001] Start updating selected client 0091...!
[INFO](2022/05/10/ 08:14:13 PM) [Round: 0001] ...client 0051 is selected and updated (with total sample size: 600)!
[INFO](2022/05/10/ 08:14:13 PM) [Round: 0001] ...client 0008 is selected and updated (with total sample size: 600)!
[INFO](2022/05/10/ 08:14:14 PM) [Round: 0001] ...client 0091 is selected and updated (with total sample size: 600)!
[INFO](2022/05/10/ 08:14:15 PM) [Round: 0001] ...client 0018 is selected and updated (with total sample size: 600)!
[INFO](2022/05/10/ 08:14:16 PM) [Round: 0001] ...client 0003 is selected and updated (with total sample size: 600)!
[INFO](2022/05/10/ 08:14:17 PM) [Round: 0001] ...client 0038 is selected and updated (with total sample size: 600)!
[INFO](2022/05/10/ 08:14:17 PM) [Round: 0001] ...client 0026 is selected and updated (with total sample size: 600)!
[INFO](2022/05/10/ 08:14:18 PM) [Round: 0001] ...client 0060 is selected and updated (with total sample size: 600)!
[INFO](2022/05/10/ 08:14:18 PM) [Round: 0001] ...client 0034 is selected and updated (with total sample size: 600)!
[INFO](2022/05/10/ 08:14:19 PM) [Round: 0001] ...client 0041 is selected and updated (with total sample size: 600)!
[INFO](2022/05/10/ 08:14:19 PM) [Round: 0001] Evaluate selected 10 clients' models...!
[INFO](2022/05/10/ 08:14:20 PM) 	[Client 0038] ...finished evaluation!            
	=> Test loss: 0.0000            
	=> Test accuracy: 100.00%

[INFO](2022/05/10/ 08:14:20 PM) 	[Client 0026] ...finished evaluation!            
	=> Test loss: 0.0007            
	=> Test accuracy: 100.00%

[INFO](2022/05/10/ 08:14:20 PM) 	[Client 0034] ...finished evaluation!            
	=> Test loss: 0.0005            
	=> Test accuracy: 100.00%

[INFO](2022/05/10/ 08:14:20 PM) 	[Client 0091] ...finished evaluation!            
	=> Test loss: 0.0007            
	=> Test accuracy: 100.00%

[INFO](2022/05/10/ 08:14:20 PM) 	[Client 0060] ...finished evaluation!            
	=> Test loss: 0.0001            
	=> Test accuracy: 100.00%

[INFO](2022/05/10/ 08:14:20 PM) 	[Client 0008] ...finished evaluation!            
	=> Test loss: 0.0001            
	=> Test accuracy: 100.00%

[INFO](2022/05/10/ 08:14:20 PM) 	[Client 0003] ...finished evaluation!            
	=> Test loss: 0.0007            
	=> Test accuracy: 100.00%

[INFO](2022/05/10/ 08:14:20 PM) 	[Client 0041] ...finished evaluation!            
	=> Test loss: 0.0005            
	=> Test accuracy: 100.00%

[INFO](2022/05/10/ 08:14:20 PM) 	[Client 0051] ...finished evaluation!            
	=> Test loss: 0.0005            
	=> Test accuracy: 100.00%

[INFO](2022/05/10/ 08:14:20 PM) 	[Client 0018] ...finished evaluation!            
	=> Test loss: 0.0001            
	=> Test accuracy: 100.00%

[INFO](2022/05/10/ 08:14:20 PM) [Round: 0001] Aggregate updated weights of 10 clients...!
[INFO](2022/05/10/ 08:14:20 PM) [Round: 0001] ...updated weights of 10 clients are successfully averaged!
[INFO](2022/05/10/ 08:14:22 PM) [Round: 0001] Evaluate global model's performance...!                
	[Server] ...finished evaluation!                
	=> Loss: 2.0477                
	=> Accuracy: 34.33%

[INFO](2022/05/10/ 08:14:22 PM) [Round: 0002] Select clients...!
[INFO](2022/05/10/ 08:14:22 PM) [Round: 0002] ...successfully transmitted models to 10 selected clients!
[INFO](2022/05/10/ 08:14:22 PM) [Round: 0002] Start updating selected client 0018...!
[INFO](2022/05/10/ 08:14:22 PM) [Round: 0002] Start updating selected client 0031...!
[INFO](2022/05/10/ 08:14:22 PM) [Round: 0002] Start updating selected client 0035...!
[INFO](2022/05/10/ 08:14:22 PM) [Round: 0002] Start updating selected client 0058...!
[INFO](2022/05/10/ 08:14:22 PM) [Round: 0002] Start updating selected client 0059...!
[INFO](2022/05/10/ 08:14:22 PM) [Round: 0002] Start updating selected client 0061...!
[INFO](2022/05/10/ 08:14:22 PM) [Round: 0002] Start updating selected client 0075...!
[INFO](2022/05/10/ 08:14:22 PM) [Round: 0002] Start updating selected client 0082...!
[INFO](2022/05/10/ 08:14:22 PM) [Round: 0002] Start updating selected client 0084...!
[INFO](2022/05/10/ 08:14:22 PM) [Round: 0002] Start updating selected client 0072...!
[INFO](2022/05/10/ 08:14:28 PM) [Round: 0002] ...client 0082 is selected and updated (with total sample size: 600)!
[INFO](2022/05/10/ 08:14:28 PM) [Round: 0002] ...client 0018 is selected and updated (with total sample size: 600)!
[INFO](2022/05/10/ 08:14:29 PM) [Round: 0002] ...client 0059 is selected and updated (with total sample size: 600)!
[INFO](2022/05/10/ 08:14:30 PM) [Round: 0002] ...client 0061 is selected and updated (with total sample size: 600)!
[INFO](2022/05/10/ 08:14:31 PM) [Round: 0002] ...client 0075 is selected and updated (with total sample size: 600)!
[INFO](2022/05/10/ 08:14:32 PM) [Round: 0002] ...client 0058 is selected and updated (with total sample size: 600)!
[INFO](2022/05/10/ 08:14:33 PM) [Round: 0002] ...client 0035 is selected and updated (with total sample size: 600)!
[INFO](2022/05/10/ 08:14:33 PM) [Round: 0002] ...client 0031 is selected and updated (with total sample size: 600)!
[INFO](2022/05/10/ 08:14:34 PM) [Round: 0002] ...client 0072 is selected and updated (with total sample size: 600)!
[INFO](2022/05/10/ 08:14:34 PM) [Round: 0002] ...client 0084 is selected and updated (with total sample size: 600)!
[INFO](2022/05/10/ 08:14:34 PM) [Round: 0002] Evaluate selected 10 clients' models...!
[INFO](2022/05/10/ 08:14:35 PM) 	[Client 0035] ...finished evaluation!            
	=> Test loss: 0.0001            
	=> Test accuracy: 100.00%

[INFO](2022/05/10/ 08:14:35 PM) 	[Client 0084] ...finished evaluation!            
	=> Test loss: 0.0008            
	=> Test accuracy: 100.00%

[INFO](2022/05/10/ 08:14:35 PM) 	[Client 0082] ...finished evaluation!            
	=> Test loss: 0.0003            
	=> Test accuracy: 100.00%

[INFO](2022/05/10/ 08:14:35 PM) 	[Client 0058] ...finished evaluation!            
	=> Test loss: 0.0000            
	=> Test accuracy: 100.00%

[INFO](2022/05/10/ 08:14:35 PM) 	[Client 0031] ...finished evaluation!            
	=> Test loss: 0.0005            
	=> Test accuracy: 100.00%

[INFO](2022/05/10/ 08:14:35 PM) 	[Client 0075] ...finished evaluation!            
	=> Test loss: 0.0001            
	=> Test accuracy: 100.00%

[INFO](2022/05/10/ 08:14:35 PM) 	[Client 0018] ...finished evaluation!            
	=> Test loss: 0.0001            
	=> Test accuracy: 100.00%

[INFO](2022/05/10/ 08:14:35 PM) 	[Client 0059] ...finished evaluation!            
	=> Test loss: 0.0010            
	=> Test accuracy: 100.00%

[INFO](2022/05/10/ 08:14:35 PM) 	[Client 0061] ...finished evaluation!            
	=> Test loss: 0.0005            
	=> Test accuracy: 100.00%

[INFO](2022/05/10/ 08:14:35 PM) 	[Client 0072] ...finished evaluation!            
	=> Test loss: 0.0005            
	=> Test accuracy: 100.00%

[INFO](2022/05/10/ 08:14:35 PM) [Round: 0002] Aggregate updated weights of 10 clients...!
[INFO](2022/05/10/ 08:14:35 PM) [Round: 0002] ...updated weights of 10 clients are successfully averaged!
[INFO](2022/05/10/ 08:14:37 PM) [Round: 0002] Evaluate global model's performance...!                
	[Server] ...finished evaluation!                
	=> Loss: 1.2715                
	=> Accuracy: 68.78%

[INFO](2022/05/10/ 08:14:37 PM) [Round: 0003] Select clients...!
[INFO](2022/05/10/ 08:14:37 PM) [Round: 0003] ...successfully transmitted models to 10 selected clients!
[INFO](2022/05/10/ 08:14:37 PM) [Round: 0003] Start updating selected client 0006...!
[INFO](2022/05/10/ 08:14:37 PM) [Round: 0003] Start updating selected client 0007...!
[INFO](2022/05/10/ 08:14:37 PM) [Round: 0003] Start updating selected client 0008...!
[INFO](2022/05/10/ 08:14:37 PM) [Round: 0003] Start updating selected client 0043...!
[INFO](2022/05/10/ 08:14:37 PM) [Round: 0003] Start updating selected client 0050...!
[INFO](2022/05/10/ 08:14:37 PM) [Round: 0003] Start updating selected client 0055...!
[INFO](2022/05/10/ 08:14:37 PM) [Round: 0003] Start updating selected client 0062...!
[INFO](2022/05/10/ 08:14:37 PM) [Round: 0003] Start updating selected client 0018...!
[INFO](2022/05/10/ 08:14:37 PM) [Round: 0003] Start updating selected client 0051...!
[INFO](2022/05/10/ 08:14:37 PM) [Round: 0003] Start updating selected client 0063...!
[INFO](2022/05/10/ 08:14:44 PM) [Round: 0003] ...client 0050 is selected and updated (with total sample size: 600)!
[INFO](2022/05/10/ 08:14:45 PM) [Round: 0003] ...client 0018 is selected and updated (with total sample size: 600)!
[INFO](2022/05/10/ 08:14:45 PM) [Round: 0003] ...client 0008 is selected and updated (with total sample size: 600)!
[INFO](2022/05/10/ 08:14:46 PM) [Round: 0003] ...client 0006 is selected and updated (with total sample size: 600)!
[INFO](2022/05/10/ 08:14:47 PM) [Round: 0003] ...client 0055 is selected and updated (with total sample size: 600)!
[INFO](2022/05/10/ 08:14:48 PM) [Round: 0003] ...client 0062 is selected and updated (with total sample size: 600)!
[INFO](2022/05/10/ 08:14:48 PM) [Round: 0003] ...client 0051 is selected and updated (with total sample size: 600)!
[INFO](2022/05/10/ 08:14:49 PM) [Round: 0003] ...client 0007 is selected and updated (with total sample size: 600)!
[INFO](2022/05/10/ 08:14:49 PM) [Round: 0003] ...client 0063 is selected and updated (with total sample size: 600)!
[INFO](2022/05/10/ 08:14:49 PM) [Round: 0003] ...client 0043 is selected and updated (with total sample size: 600)!
[INFO](2022/05/10/ 08:14:50 PM) [Round: 0003] Evaluate selected 10 clients' models...!
[INFO](2022/05/10/ 08:14:50 PM) 	[Client 0043] ...finished evaluation!            
	=> Test loss: 0.0000            
	=> Test accuracy: 100.00%

[INFO](2022/05/10/ 08:14:50 PM) 	[Client 0063] ...finished evaluation!            
	=> Test loss: 0.0000            
	=> Test accuracy: 100.00%

[INFO](2022/05/10/ 08:14:50 PM) 	[Client 0050] ...finished evaluation!            
	=> Test loss: 0.0000            
	=> Test accuracy: 100.00%

[INFO](2022/05/10/ 08:14:50 PM) 	[Client 0018] ...finished evaluation!            
	=> Test loss: 0.0000            
	=> Test accuracy: 100.00%

[INFO](2022/05/10/ 08:14:51 PM) 	[Client 0006] ...finished evaluation!            
	=> Test loss: 0.0006            
	=> Test accuracy: 100.00%

[INFO](2022/05/10/ 08:14:51 PM) 	[Client 0062] ...finished evaluation!            
	=> Test loss: 0.0002            
	=> Test accuracy: 100.00%

[INFO](2022/05/10/ 08:14:51 PM) 	[Client 0007] ...finished evaluation!            
	=> Test loss: 0.0004            
	=> Test accuracy: 100.00%

[INFO](2022/05/10/ 08:14:51 PM) 	[Client 0051] ...finished evaluation!            
	=> Test loss: 0.0003            
	=> Test accuracy: 100.00%

[INFO](2022/05/10/ 08:14:51 PM) 	[Client 0055] ...finished evaluation!            
	=> Test loss: 0.0000            
	=> Test accuracy: 100.00%

[INFO](2022/05/10/ 08:14:51 PM) 	[Client 0008] ...finished evaluation!            
	=> Test loss: 0.0000            
	=> Test accuracy: 100.00%

[INFO](2022/05/10/ 08:14:51 PM) [Round: 0003] Aggregate updated weights of 10 clients...!
[INFO](2022/05/10/ 08:14:51 PM) [Round: 0003] ...updated weights of 10 clients are successfully averaged!
[INFO](2022/05/10/ 08:14:53 PM) [Round: 0003] Evaluate global model's performance...!                
	[Server] ...finished evaluation!                
	=> Loss: 1.9011                
	=> Accuracy: 51.59%

[INFO](2022/05/10/ 08:14:53 PM) [Round: 0004] Select clients...!
[INFO](2022/05/10/ 08:14:53 PM) [Round: 0004] ...successfully transmitted models to 10 selected clients!
[INFO](2022/05/10/ 08:14:53 PM) [Round: 0004] Start updating selected client 0044...!
[INFO](2022/05/10/ 08:14:53 PM) [Round: 0004] Start updating selected client 0048...!
[INFO](2022/05/10/ 08:14:53 PM) [Round: 0004] Start updating selected client 0050...!
[INFO](2022/05/10/ 08:14:53 PM) [Round: 0004] Start updating selected client 0055...!
[INFO](2022/05/10/ 08:14:53 PM) [Round: 0004] Start updating selected client 0064...!
[INFO](2022/05/10/ 08:14:53 PM) [Round: 0004] Start updating selected client 0060...!
[INFO](2022/05/10/ 08:14:53 PM) [Round: 0004] Start updating selected client 0076...!
[INFO](2022/05/10/ 08:14:53 PM) [Round: 0004] Start updating selected client 0083...!
[INFO](2022/05/10/ 08:14:53 PM) [Round: 0004] Start updating selected client 0097...!
[INFO](2022/05/10/ 08:14:53 PM) [Round: 0004] Start updating selected client 0094...!
[INFO](2022/05/10/ 08:15:00 PM) [Round: 0004] ...client 0097 is selected and updated (with total sample size: 600)!
[INFO](2022/05/10/ 08:15:00 PM) [Round: 0004] ...client 0048 is selected and updated (with total sample size: 600)!
[INFO](2022/05/10/ 08:15:01 PM) [Round: 0004] ...client 0055 is selected and updated (with total sample size: 600)!
[INFO](2022/05/10/ 08:15:01 PM) [Round: 0004] ...client 0050 is selected and updated (with total sample size: 600)!
[INFO](2022/05/10/ 08:15:02 PM) [Round: 0004] ...client 0094 is selected and updated (with total sample size: 600)!
[INFO](2022/05/10/ 08:15:03 PM) [Round: 0004] ...client 0076 is selected and updated (with total sample size: 600)!
[INFO](2022/05/10/ 08:15:03 PM) [Round: 0004] ...client 0083 is selected and updated (with total sample size: 600)!
[INFO](2022/05/10/ 08:15:04 PM) [Round: 0004] ...client 0064 is selected and updated (with total sample size: 600)!
[INFO](2022/05/10/ 08:15:04 PM) [Round: 0004] ...client 0060 is selected and updated (with total sample size: 600)!
[INFO](2022/05/10/ 08:15:05 PM) [Round: 0004] ...client 0044 is selected and updated (with total sample size: 600)!
[INFO](2022/05/10/ 08:15:05 PM) [Round: 0004] Evaluate selected 10 clients' models...!
[INFO](2022/05/10/ 08:15:06 PM) 	[Client 0076] ...finished evaluation!            
	=> Test loss: 0.0006            
	=> Test accuracy: 100.00%

[INFO](2022/05/10/ 08:15:06 PM) 	[Client 0048] ...finished evaluation!            
	=> Test loss: 0.0001            
	=> Test accuracy: 100.00%

[INFO](2022/05/10/ 08:15:06 PM) 	[Client 0050] ...finished evaluation!            
	=> Test loss: 0.0000            
	=> Test accuracy: 100.00%

[INFO](2022/05/10/ 08:15:06 PM) 	[Client 0044] ...finished evaluation!            
	=> Test loss: 0.0005            
	=> Test accuracy: 100.00%

[INFO](2022/05/10/ 08:15:06 PM) 	[Client 0094] ...finished evaluation!            
	=> Test loss: 0.0005            
	=> Test accuracy: 100.00%

[INFO](2022/05/10/ 08:15:06 PM) 	[Client 0083] ...finished evaluation!            
	=> Test loss: 0.0001            
	=> Test accuracy: 100.00%

[INFO](2022/05/10/ 08:15:06 PM) 	[Client 0064] ...finished evaluation!            
	=> Test loss: 0.0005            
	=> Test accuracy: 100.00%

[INFO](2022/05/10/ 08:15:06 PM) 	[Client 0055] ...finished evaluation!            
	=> Test loss: 0.0001            
	=> Test accuracy: 100.00%

[INFO](2022/05/10/ 08:15:06 PM) 	[Client 0097] ...finished evaluation!            
	=> Test loss: 0.0001            
	=> Test accuracy: 100.00%

[INFO](2022/05/10/ 08:15:06 PM) 	[Client 0060] ...finished evaluation!            
	=> Test loss: 0.0000            
	=> Test accuracy: 100.00%

[INFO](2022/05/10/ 08:15:06 PM) [Round: 0004] Aggregate updated weights of 10 clients...!
[INFO](2022/05/10/ 08:15:06 PM) [Round: 0004] ...updated weights of 10 clients are successfully averaged!
[INFO](2022/05/10/ 08:15:08 PM) [Round: 0004] Evaluate global model's performance...!                
	[Server] ...finished evaluation!                
	=> Loss: 2.3546                
	=> Accuracy: 36.07%

[INFO](2022/05/10/ 08:15:08 PM) [Round: 0005] Select clients...!
[INFO](2022/05/10/ 08:15:08 PM) [Round: 0005] ...successfully transmitted models to 10 selected clients!
[INFO](2022/05/10/ 08:15:08 PM) [Round: 0005] Start updating selected client 0000...!
[INFO](2022/05/10/ 08:15:08 PM) [Round: 0005] Start updating selected client 0004...!
[INFO](2022/05/10/ 08:15:08 PM) [Round: 0005] Start updating selected client 0022...!
[INFO](2022/05/10/ 08:15:08 PM) [Round: 0005] Start updating selected client 0034...!
[INFO](2022/05/10/ 08:15:08 PM) [Round: 0005] Start updating selected client 0060...!
[INFO](2022/05/10/ 08:15:08 PM) [Round: 0005] Start updating selected client 0052...!
[INFO](2022/05/10/ 08:15:08 PM) [Round: 0005] Start updating selected client 0053...!
[INFO](2022/05/10/ 08:15:08 PM) [Round: 0005] Start updating selected client 0087...!
[INFO](2022/05/10/ 08:15:08 PM) [Round: 0005] Start updating selected client 0062...!
[INFO](2022/05/10/ 08:15:08 PM) [Round: 0005] Start updating selected client 0095...!
[INFO](2022/05/10/ 08:15:15 PM) [Round: 0005] ...client 0034 is selected and updated (with total sample size: 600)!
[INFO](2022/05/10/ 08:15:15 PM) [Round: 0005] ...client 0053 is selected and updated (with total sample size: 600)!
[INFO](2022/05/10/ 08:15:16 PM) [Round: 0005] ...client 0060 is selected and updated (with total sample size: 600)!
[INFO](2022/05/10/ 08:15:16 PM) [Round: 0005] ...client 0022 is selected and updated (with total sample size: 600)!
[INFO](2022/05/10/ 08:15:17 PM) [Round: 0005] ...client 0052 is selected and updated (with total sample size: 600)!
[INFO](2022/05/10/ 08:15:18 PM) [Round: 0005] ...client 0004 is selected and updated (with total sample size: 600)!
[INFO](2022/05/10/ 08:15:19 PM) [Round: 0005] ...client 0062 is selected and updated (with total sample size: 600)!
[INFO](2022/05/10/ 08:15:19 PM) [Round: 0005] ...client 0095 is selected and updated (with total sample size: 600)!
[INFO](2022/05/10/ 08:15:19 PM) [Round: 0005] ...client 0000 is selected and updated (with total sample size: 600)!
[INFO](2022/05/10/ 08:15:20 PM) [Round: 0005] ...client 0087 is selected and updated (with total sample size: 600)!
[INFO](2022/05/10/ 08:15:20 PM) [Round: 0005] Evaluate selected 10 clients' models...!
[INFO](2022/05/10/ 08:15:21 PM) 	[Client 0087] ...finished evaluation!            
	=> Test loss: 0.0002            
	=> Test accuracy: 100.00%

[INFO](2022/05/10/ 08:15:21 PM) 	[Client 0052] ...finished evaluation!            
	=> Test loss: 0.0001            
	=> Test accuracy: 100.00%

[INFO](2022/05/10/ 08:15:21 PM) 	[Client 0062] ...finished evaluation!            
	=> Test loss: 0.0002            
	=> Test accuracy: 100.00%

[INFO](2022/05/10/ 08:15:21 PM) 	[Client 0022] ...finished evaluation!            
	=> Test loss: 0.0001            
	=> Test accuracy: 100.00%

[INFO](2022/05/10/ 08:15:21 PM) 	[Client 0004] ...finished evaluation!            
	=> Test loss: 0.0009            
	=> Test accuracy: 100.00%

[INFO](2022/05/10/ 08:15:21 PM) 	[Client 0095] ...finished evaluation!            
	=> Test loss: 0.0001            
	=> Test accuracy: 100.00%

[INFO](2022/05/10/ 08:15:21 PM) 	[Client 0034] ...finished evaluation!            
	=> Test loss: 0.0004            
	=> Test accuracy: 100.00%

[INFO](2022/05/10/ 08:15:21 PM) 	[Client 0053] ...finished evaluation!            
	=> Test loss: 0.0001            
	=> Test accuracy: 100.00%

[INFO](2022/05/10/ 08:15:21 PM) 	[Client 0000] ...finished evaluation!            
	=> Test loss: 0.0001            
	=> Test accuracy: 100.00%

[INFO](2022/05/10/ 08:15:21 PM) 	[Client 0060] ...finished evaluation!            
	=> Test loss: 0.0000            
	=> Test accuracy: 100.00%

[INFO](2022/05/10/ 08:15:21 PM) [Round: 0005] Aggregate updated weights of 10 clients...!
[INFO](2022/05/10/ 08:15:21 PM) [Round: 0005] ...updated weights of 10 clients are successfully averaged!
[INFO](2022/05/10/ 08:15:23 PM) [Round: 0005] Evaluate global model's performance...!                
	[Server] ...finished evaluation!                
	=> Loss: 2.6337                
	=> Accuracy: 35.00%

[INFO](2022/05/10/ 08:15:23 PM) [Round: 0006] Select clients...!
[INFO](2022/05/10/ 08:15:23 PM) [Round: 0006] ...successfully transmitted models to 10 selected clients!
[INFO](2022/05/10/ 08:15:23 PM) [Round: 0006] Start updating selected client 0013...!
[INFO](2022/05/10/ 08:15:23 PM) [Round: 0006] Start updating selected client 0019...!
[INFO](2022/05/10/ 08:15:23 PM) [Round: 0006] Start updating selected client 0046...!
[INFO](2022/05/10/ 08:15:23 PM) [Round: 0006] Start updating selected client 0066...!
[INFO](2022/05/10/ 08:15:23 PM) [Round: 0006] Start updating selected client 0068...!
[INFO](2022/05/10/ 08:15:23 PM) [Round: 0006] Start updating selected client 0075...!
[INFO](2022/05/10/ 08:15:23 PM) [Round: 0006] Start updating selected client 0076...!
[INFO](2022/05/10/ 08:15:23 PM) [Round: 0006] Start updating selected client 0090...!
[INFO](2022/05/10/ 08:15:23 PM) [Round: 0006] Start updating selected client 0078...!
[INFO](2022/05/10/ 08:15:23 PM) [Round: 0006] Start updating selected client 0094...!
[INFO](2022/05/10/ 08:15:29 PM) [Round: 0006] ...client 0075 is selected and updated (with total sample size: 600)!
[INFO](2022/05/10/ 08:15:29 PM) [Round: 0006] ...client 0090 is selected and updated (with total sample size: 600)!
[INFO](2022/05/10/ 08:15:30 PM) [Round: 0006] ...client 0066 is selected and updated (with total sample size: 600)!
[INFO](2022/05/10/ 08:15:30 PM) [Round: 0006] ...client 0013 is selected and updated (with total sample size: 600)!
[INFO](2022/05/10/ 08:15:32 PM) [Round: 0006] ...client 0078 is selected and updated (with total sample size: 600)!
[INFO](2022/05/10/ 08:15:32 PM) [Round: 0006] ...client 0019 is selected and updated (with total sample size: 600)!
[INFO](2022/05/10/ 08:15:33 PM) [Round: 0006] ...client 0094 is selected and updated (with total sample size: 600)!
[INFO](2022/05/10/ 08:15:33 PM) [Round: 0006] ...client 0046 is selected and updated (with total sample size: 600)!
[INFO](2022/05/10/ 08:15:34 PM) [Round: 0006] ...client 0076 is selected and updated (with total sample size: 600)!
[INFO](2022/05/10/ 08:15:34 PM) [Round: 0006] ...client 0068 is selected and updated (with total sample size: 600)!
[INFO](2022/05/10/ 08:15:34 PM) [Round: 0006] Evaluate selected 10 clients' models...!
[INFO](2022/05/10/ 08:15:35 PM) 	[Client 0013] ...finished evaluation!            
	=> Test loss: 0.0000            
	=> Test accuracy: 100.00%

[INFO](2022/05/10/ 08:15:35 PM) 	[Client 0066] ...finished evaluation!            
	=> Test loss: 0.0005            
	=> Test accuracy: 100.00%

[INFO](2022/05/10/ 08:15:35 PM) 	[Client 0068] ...finished evaluation!            
	=> Test loss: 0.0002            
	=> Test accuracy: 100.00%

[INFO](2022/05/10/ 08:15:35 PM) 	[Client 0075] ...finished evaluation!            
	=> Test loss: 0.0000            
	=> Test accuracy: 100.00%

[INFO](2022/05/10/ 08:15:35 PM) 	[Client 0094] ...finished evaluation!            
	=> Test loss: 0.0003            
	=> Test accuracy: 100.00%

[INFO](2022/05/10/ 08:15:35 PM) 	[Client 0076] ...finished evaluation!            
	=> Test loss: 0.0005            
	=> Test accuracy: 100.00%

[INFO](2022/05/10/ 08:15:35 PM) 	[Client 0019] ...finished evaluation!            
	=> Test loss: 0.0003            
	=> Test accuracy: 100.00%

[INFO](2022/05/10/ 08:15:35 PM) 	[Client 0090] ...finished evaluation!            
	=> Test loss: 0.0000            
	=> Test accuracy: 100.00%

[INFO](2022/05/10/ 08:15:35 PM) 	[Client 0078] ...finished evaluation!            
	=> Test loss: 0.0000            
	=> Test accuracy: 100.00%

[INFO](2022/05/10/ 08:15:36 PM) 	[Client 0046] ...finished evaluation!            
	=> Test loss: 0.0005            
	=> Test accuracy: 100.00%

[INFO](2022/05/10/ 08:15:36 PM) [Round: 0006] Aggregate updated weights of 10 clients...!
[INFO](2022/05/10/ 08:15:36 PM) [Round: 0006] ...updated weights of 10 clients are successfully averaged!
[INFO](2022/05/10/ 08:15:37 PM) [Round: 0006] Evaluate global model's performance...!                
	[Server] ...finished evaluation!                
	=> Loss: 1.1750                
	=> Accuracy: 71.03%

[INFO](2022/05/10/ 08:15:37 PM) [Round: 0007] Select clients...!
[INFO](2022/05/10/ 08:15:37 PM) [Round: 0007] ...successfully transmitted models to 10 selected clients!
[INFO](2022/05/10/ 08:15:38 PM) [Round: 0007] Start updating selected client 0006...!
[INFO](2022/05/10/ 08:15:38 PM) [Round: 0007] Start updating selected client 0011...!
[INFO](2022/05/10/ 08:15:38 PM) [Round: 0007] Start updating selected client 0017...!
[INFO](2022/05/10/ 08:15:38 PM) [Round: 0007] Start updating selected client 0020...!
[INFO](2022/05/10/ 08:15:38 PM) [Round: 0007] Start updating selected client 0036...!
[INFO](2022/05/10/ 08:15:38 PM) [Round: 0007] Start updating selected client 0042...!
[INFO](2022/05/10/ 08:15:38 PM) [Round: 0007] Start updating selected client 0046...!
[INFO](2022/05/10/ 08:15:38 PM) [Round: 0007] Start updating selected client 0062...!
[INFO](2022/05/10/ 08:15:38 PM) [Round: 0007] Start updating selected client 0049...!
[INFO](2022/05/10/ 08:15:38 PM) [Round: 0007] Start updating selected client 0047...!
[INFO](2022/05/10/ 08:15:42 PM) [Round: 0007] ...client 0042 is selected and updated (with total sample size: 600)!
[INFO](2022/05/10/ 08:15:43 PM) [Round: 0007] ...client 0017 is selected and updated (with total sample size: 600)!
[INFO](2022/05/10/ 08:15:43 PM) [Round: 0007] ...client 0011 is selected and updated (with total sample size: 600)!
[INFO](2022/05/10/ 08:15:44 PM) [Round: 0007] ...client 0047 is selected and updated (with total sample size: 600)!
[INFO](2022/05/10/ 08:15:46 PM) [Round: 0007] ...client 0049 is selected and updated (with total sample size: 600)!
[INFO](2022/05/10/ 08:15:47 PM) [Round: 0007] ...client 0062 is selected and updated (with total sample size: 600)!
[INFO](2022/05/10/ 08:15:47 PM) [Round: 0007] ...client 0046 is selected and updated (with total sample size: 600)!
[INFO](2022/05/10/ 08:15:48 PM) [Round: 0007] ...client 0020 is selected and updated (with total sample size: 600)!
[INFO](2022/05/10/ 08:15:49 PM) [Round: 0007] ...client 0036 is selected and updated (with total sample size: 600)!
[INFO](2022/05/10/ 08:15:49 PM) [Round: 0007] ...client 0006 is selected and updated (with total sample size: 600)!
[INFO](2022/05/10/ 08:15:49 PM) [Round: 0007] Evaluate selected 10 clients' models...!
[INFO](2022/05/10/ 08:15:50 PM) 	[Client 0046] ...finished evaluation!            
	=> Test loss: 0.0003            
	=> Test accuracy: 100.00%

[INFO](2022/05/10/ 08:15:50 PM) 	[Client 0017] ...finished evaluation!            
	=> Test loss: 0.0002            
	=> Test accuracy: 100.00%

[INFO](2022/05/10/ 08:15:50 PM) 	[Client 0047] ...finished evaluation!            
	=> Test loss: 0.0001            
	=> Test accuracy: 100.00%

[INFO](2022/05/10/ 08:15:50 PM) 	[Client 0006] ...finished evaluation!            
	=> Test loss: 0.0003            
	=> Test accuracy: 100.00%

[INFO](2022/05/10/ 08:15:50 PM) 	[Client 0036] ...finished evaluation!            
	=> Test loss: 0.0004            
	=> Test accuracy: 100.00%

[INFO](2022/05/10/ 08:15:50 PM) 	[Client 0020] ...finished evaluation!            
	=> Test loss: 0.0000            
	=> Test accuracy: 100.00%

[INFO](2022/05/10/ 08:15:50 PM) 	[Client 0049] ...finished evaluation!            
	=> Test loss: 0.0003            
	=> Test accuracy: 100.00%

[INFO](2022/05/10/ 08:15:50 PM) 	[Client 0011] ...finished evaluation!            
	=> Test loss: 0.0004            
	=> Test accuracy: 100.00%

[INFO](2022/05/10/ 08:15:50 PM) 	[Client 0042] ...finished evaluation!            
	=> Test loss: 0.0000            
	=> Test accuracy: 100.00%

[INFO](2022/05/10/ 08:15:50 PM) 	[Client 0062] ...finished evaluation!            
	=> Test loss: 0.0001            
	=> Test accuracy: 100.00%

[INFO](2022/05/10/ 08:15:50 PM) [Round: 0007] Aggregate updated weights of 10 clients...!
[INFO](2022/05/10/ 08:15:50 PM) [Round: 0007] ...updated weights of 10 clients are successfully averaged!
[INFO](2022/05/10/ 08:15:52 PM) [Round: 0007] Evaluate global model's performance...!                
	[Server] ...finished evaluation!                
	=> Loss: 1.0943                
	=> Accuracy: 64.67%

[INFO](2022/05/10/ 08:15:52 PM) [Round: 0008] Select clients...!
[INFO](2022/05/10/ 08:15:52 PM) [Round: 0008] ...successfully transmitted models to 10 selected clients!
[INFO](2022/05/10/ 08:15:52 PM) [Round: 0008] Start updating selected client 0001...!
[INFO](2022/05/10/ 08:15:52 PM) [Round: 0008] Start updating selected client 0007...!
[INFO](2022/05/10/ 08:15:52 PM) [Round: 0008] Start updating selected client 0020...!
[INFO](2022/05/10/ 08:15:52 PM) [Round: 0008] Start updating selected client 0023...!
[INFO](2022/05/10/ 08:15:52 PM) [Round: 0008] Start updating selected client 0032...!
[INFO](2022/05/10/ 08:15:52 PM) [Round: 0008] Start updating selected client 0027...!
[INFO](2022/05/10/ 08:15:52 PM) [Round: 0008] Start updating selected client 0037...!
[INFO](2022/05/10/ 08:15:52 PM) [Round: 0008] Start updating selected client 0040...!
[INFO](2022/05/10/ 08:15:52 PM) [Round: 0008] Start updating selected client 0084...!
[INFO](2022/05/10/ 08:15:52 PM) [Round: 0008] Start updating selected client 0054...!
[INFO](2022/05/10/ 08:15:57 PM) [Round: 0008] ...client 0084 is selected and updated (with total sample size: 600)!
[INFO](2022/05/10/ 08:15:58 PM) [Round: 0008] ...client 0027 is selected and updated (with total sample size: 600)!
[INFO](2022/05/10/ 08:15:58 PM) [Round: 0008] ...client 0032 is selected and updated (with total sample size: 600)!
[INFO](2022/05/10/ 08:15:59 PM) [Round: 0008] ...client 0037 is selected and updated (with total sample size: 600)!
[INFO](2022/05/10/ 08:16:00 PM) [Round: 0008] ...client 0007 is selected and updated (with total sample size: 600)!
[INFO](2022/05/10/ 08:16:01 PM) [Round: 0008] ...client 0020 is selected and updated (with total sample size: 600)!
[INFO](2022/05/10/ 08:16:02 PM) [Round: 0008] ...client 0001 is selected and updated (with total sample size: 600)!
[INFO](2022/05/10/ 08:16:03 PM) [Round: 0008] ...client 0054 is selected and updated (with total sample size: 600)!
[INFO](2022/05/10/ 08:16:03 PM) [Round: 0008] ...client 0040 is selected and updated (with total sample size: 600)!
[INFO](2022/05/10/ 08:16:03 PM) [Round: 0008] ...client 0023 is selected and updated (with total sample size: 600)!
[INFO](2022/05/10/ 08:16:03 PM) [Round: 0008] Evaluate selected 10 clients' models...!
[INFO](2022/05/10/ 08:16:04 PM) 	[Client 0054] ...finished evaluation!            
	=> Test loss: 0.0003            
	=> Test accuracy: 100.00%

[INFO](2022/05/10/ 08:16:04 PM) 	[Client 0020] ...finished evaluation!            
	=> Test loss: 0.0000            
	=> Test accuracy: 100.00%

[INFO](2022/05/10/ 08:16:04 PM) 	[Client 0040] ...finished evaluation!            
	=> Test loss: 0.0001            
	=> Test accuracy: 100.00%

[INFO](2022/05/10/ 08:16:04 PM) 	[Client 0027] ...finished evaluation!            
	=> Test loss: 0.0002            
	=> Test accuracy: 100.00%

[INFO](2022/05/10/ 08:16:04 PM) 	[Client 0001] ...finished evaluation!            
	=> Test loss: 0.0003            
	=> Test accuracy: 100.00%

[INFO](2022/05/10/ 08:16:04 PM) 	[Client 0084] ...finished evaluation!            
	=> Test loss: 0.0004            
	=> Test accuracy: 100.00%

[INFO](2022/05/10/ 08:16:04 PM) 	[Client 0023] ...finished evaluation!            
	=> Test loss: 0.0000            
	=> Test accuracy: 100.00%

[INFO](2022/05/10/ 08:16:04 PM) 	[Client 0007] ...finished evaluation!            
	=> Test loss: 0.0003            
	=> Test accuracy: 100.00%

[INFO](2022/05/10/ 08:16:04 PM) 	[Client 0032] ...finished evaluation!            
	=> Test loss: 0.0002            
	=> Test accuracy: 100.00%

[INFO](2022/05/10/ 08:16:05 PM) 	[Client 0037] ...finished evaluation!            
	=> Test loss: 0.0002            
	=> Test accuracy: 100.00%

[INFO](2022/05/10/ 08:16:05 PM) [Round: 0008] Aggregate updated weights of 10 clients...!
[INFO](2022/05/10/ 08:16:05 PM) [Round: 0008] ...updated weights of 10 clients are successfully averaged!
[INFO](2022/05/10/ 08:16:06 PM) [Round: 0008] Evaluate global model's performance...!                
	[Server] ...finished evaluation!                
	=> Loss: 0.4601                
	=> Accuracy: 82.26%

[INFO](2022/05/10/ 08:16:07 PM) [Round: 0009] Select clients...!
[INFO](2022/05/10/ 08:16:07 PM) [Round: 0009] ...successfully transmitted models to 10 selected clients!
[INFO](2022/05/10/ 08:16:07 PM) [Round: 0009] Start updating selected client 0016...!
[INFO](2022/05/10/ 08:16:07 PM) [Round: 0009] Start updating selected client 0018...!
[INFO](2022/05/10/ 08:16:07 PM) [Round: 0009] Start updating selected client 0049...!
[INFO](2022/05/10/ 08:16:07 PM) [Round: 0009] Start updating selected client 0051...!
[INFO](2022/05/10/ 08:16:07 PM) [Round: 0009] Start updating selected client 0073...!
[INFO](2022/05/10/ 08:16:07 PM) [Round: 0009] Start updating selected client 0037...!
[INFO](2022/05/10/ 08:16:07 PM) [Round: 0009] Start updating selected client 0078...!
[INFO](2022/05/10/ 08:16:07 PM) [Round: 0009] Start updating selected client 0088...!
[INFO](2022/05/10/ 08:16:07 PM) [Round: 0009] Start updating selected client 0097...!
[INFO](2022/05/10/ 08:16:07 PM) [Round: 0009] Start updating selected client 0095...!
[INFO](2022/05/10/ 08:16:12 PM) [Round: 0009] ...client 0088 is selected and updated (with total sample size: 600)!
[INFO](2022/05/10/ 08:16:12 PM) [Round: 0009] ...client 0095 is selected and updated (with total sample size: 600)!
[INFO](2022/05/10/ 08:16:14 PM) [Round: 0009] ...client 0018 is selected and updated (with total sample size: 600)!
[INFO](2022/05/10/ 08:16:15 PM) [Round: 0009] ...client 0051 is selected and updated (with total sample size: 600)!
[INFO](2022/05/10/ 08:16:15 PM) [Round: 0009] ...client 0016 is selected and updated (with total sample size: 600)!
[INFO](2022/05/10/ 08:16:15 PM) [Round: 0009] ...client 0078 is selected and updated (with total sample size: 600)!
[INFO](2022/05/10/ 08:16:16 PM) [Round: 0009] ...client 0073 is selected and updated (with total sample size: 600)!
[INFO](2022/05/10/ 08:16:17 PM) [Round: 0009] ...client 0037 is selected and updated (with total sample size: 600)!
[INFO](2022/05/10/ 08:16:17 PM) [Round: 0009] ...client 0049 is selected and updated (with total sample size: 600)!
[INFO](2022/05/10/ 08:16:18 PM) [Round: 0009] ...client 0097 is selected and updated (with total sample size: 600)!
[INFO](2022/05/10/ 08:16:18 PM) [Round: 0009] Evaluate selected 10 clients' models...!
[INFO](2022/05/10/ 08:16:19 PM) 	[Client 0049] ...finished evaluation!            
	=> Test loss: 0.0003            
	=> Test accuracy: 100.00%

[INFO](2022/05/10/ 08:16:19 PM) 	[Client 0097] ...finished evaluation!            
	=> Test loss: 0.0001            
	=> Test accuracy: 100.00%

[INFO](2022/05/10/ 08:16:19 PM) 	[Client 0051] ...finished evaluation!            
	=> Test loss: 0.0002            
	=> Test accuracy: 100.00%

[INFO](2022/05/10/ 08:16:19 PM) 	[Client 0016] ...finished evaluation!            
	=> Test loss: 0.0002            
	=> Test accuracy: 100.00%

[INFO](2022/05/10/ 08:16:19 PM) 	[Client 0073] ...finished evaluation!            
	=> Test loss: 0.0000            
	=> Test accuracy: 100.00%

[INFO](2022/05/10/ 08:16:19 PM) 	[Client 0078] ...finished evaluation!            
	=> Test loss: 0.0000            
	=> Test accuracy: 100.00%

[INFO](2022/05/10/ 08:16:19 PM) 	[Client 0018] ...finished evaluation!            
	=> Test loss: 0.0000            
	=> Test accuracy: 100.00%

[INFO](2022/05/10/ 08:16:19 PM) 	[Client 0095] ...finished evaluation!            
	=> Test loss: 0.0001            
	=> Test accuracy: 100.00%

[INFO](2022/05/10/ 08:16:19 PM) 	[Client 0088] ...finished evaluation!            
	=> Test loss: 0.0000            
	=> Test accuracy: 100.00%

[INFO](2022/05/10/ 08:16:19 PM) 	[Client 0037] ...finished evaluation!            
	=> Test loss: 0.0001            
	=> Test accuracy: 100.00%

[INFO](2022/05/10/ 08:16:19 PM) [Round: 0009] Aggregate updated weights of 10 clients...!
[INFO](2022/05/10/ 08:16:19 PM) [Round: 0009] ...updated weights of 10 clients are successfully averaged!
[INFO](2022/05/10/ 08:16:21 PM) [Round: 0009] Evaluate global model's performance...!                
	[Server] ...finished evaluation!                
	=> Loss: 0.5407                
	=> Accuracy: 82.24%

[INFO](2022/05/10/ 08:16:21 PM) [Round: 0010] Select clients...!
[INFO](2022/05/10/ 08:16:21 PM) [Round: 0010] ...successfully transmitted models to 10 selected clients!
[INFO](2022/05/10/ 08:16:21 PM) [Round: 0010] Start updating selected client 0000...!
[INFO](2022/05/10/ 08:16:21 PM) [Round: 0010] Start updating selected client 0004...!
[INFO](2022/05/10/ 08:16:21 PM) [Round: 0010] Start updating selected client 0015...!
[INFO](2022/05/10/ 08:16:21 PM) [Round: 0010] Start updating selected client 0010...!
[INFO](2022/05/10/ 08:16:21 PM) [Round: 0010] Start updating selected client 0017...!
[INFO](2022/05/10/ 08:16:21 PM) [Round: 0010] Start updating selected client 0067...!
[INFO](2022/05/10/ 08:16:21 PM) [Round: 0010] Start updating selected client 0066...!
[INFO](2022/05/10/ 08:16:21 PM) [Round: 0010] Start updating selected client 0089...!
[INFO](2022/05/10/ 08:16:21 PM) [Round: 0010] Start updating selected client 0080...!
[INFO](2022/05/10/ 08:16:21 PM) [Round: 0010] Start updating selected client 0073...!
[INFO](2022/05/10/ 08:16:27 PM) [Round: 0010] ...client 0067 is selected and updated (with total sample size: 600)!
[INFO](2022/05/10/ 08:16:29 PM) [Round: 0010] ...client 0080 is selected and updated (with total sample size: 600)!
[INFO](2022/05/10/ 08:16:29 PM) [Round: 0010] ...client 0000 is selected and updated (with total sample size: 600)!
[INFO](2022/05/10/ 08:16:29 PM) [Round: 0010] ...client 0015 is selected and updated (with total sample size: 600)!
[INFO](2022/05/10/ 08:16:30 PM) [Round: 0010] ...client 0073 is selected and updated (with total sample size: 600)!
[INFO](2022/05/10/ 08:16:30 PM) [Round: 0010] ...client 0089 is selected and updated (with total sample size: 600)!
[INFO](2022/05/10/ 08:16:31 PM) [Round: 0010] ...client 0004 is selected and updated (with total sample size: 600)!
[INFO](2022/05/10/ 08:16:32 PM) [Round: 0010] ...client 0066 is selected and updated (with total sample size: 600)!
[INFO](2022/05/10/ 08:16:32 PM) [Round: 0010] ...client 0010 is selected and updated (with total sample size: 600)!
[INFO](2022/05/10/ 08:16:32 PM) [Round: 0010] ...client 0017 is selected and updated (with total sample size: 600)!
[INFO](2022/05/10/ 08:16:32 PM) [Round: 0010] Evaluate selected 10 clients' models...!
[INFO](2022/05/10/ 08:16:33 PM) 	[Client 0004] ...finished evaluation!            
	=> Test loss: 0.0006            
	=> Test accuracy: 100.00%

[INFO](2022/05/10/ 08:16:33 PM) 	[Client 0073] ...finished evaluation!            
	=> Test loss: 0.0001            
	=> Test accuracy: 100.00%

[INFO](2022/05/10/ 08:16:33 PM) 	[Client 0000] ...finished evaluation!            
	=> Test loss: 0.0000            
	=> Test accuracy: 100.00%

[INFO](2022/05/10/ 08:16:33 PM) 	[Client 0067] ...finished evaluation!            
	=> Test loss: 0.0001            
	=> Test accuracy: 100.00%

[INFO](2022/05/10/ 08:16:33 PM) 	[Client 0066] ...finished evaluation!            
	=> Test loss: 0.0002            
	=> Test accuracy: 100.00%

[INFO](2022/05/10/ 08:16:33 PM) 	[Client 0010] ...finished evaluation!            
	=> Test loss: 0.0001            
	=> Test accuracy: 100.00%

[INFO](2022/05/10/ 08:16:33 PM) 	[Client 0015] ...finished evaluation!            
	=> Test loss: 0.0000            
	=> Test accuracy: 100.00%

[INFO](2022/05/10/ 08:16:33 PM) 	[Client 0080] ...finished evaluation!            
	=> Test loss: 0.0001            
	=> Test accuracy: 100.00%

[INFO](2022/05/10/ 08:16:33 PM) 	[Client 0017] ...finished evaluation!            
	=> Test loss: 0.0001            
	=> Test accuracy: 100.00%

[INFO](2022/05/10/ 08:16:33 PM) 	[Client 0089] ...finished evaluation!            
	=> Test loss: 0.0003            
	=> Test accuracy: 100.00%

[INFO](2022/05/10/ 08:16:34 PM) [Round: 0010] Aggregate updated weights of 10 clients...!
[INFO](2022/05/10/ 08:16:34 PM) [Round: 0010] ...updated weights of 10 clients are successfully averaged!
[INFO](2022/05/10/ 08:16:35 PM) [Round: 0010] Evaluate global model's performance...!                
	[Server] ...finished evaluation!                
	=> Loss: 0.3279                
	=> Accuracy: 88.97%

[INFO](2022/05/10/ 08:16:35 PM) [Round: 0011] Select clients...!
[INFO](2022/05/10/ 08:16:35 PM) [Round: 0011] ...successfully transmitted models to 10 selected clients!
[INFO](2022/05/10/ 08:16:35 PM) [Round: 0011] Start updating selected client 0001...!
[INFO](2022/05/10/ 08:16:35 PM) [Round: 0011] Start updating selected client 0004...!
[INFO](2022/05/10/ 08:16:35 PM) [Round: 0011] Start updating selected client 0046...!
[INFO](2022/05/10/ 08:16:36 PM) [Round: 0011] Start updating selected client 0061...!
[INFO](2022/05/10/ 08:16:36 PM) [Round: 0011] Start updating selected client 0081...!
[INFO](2022/05/10/ 08:16:36 PM) [Round: 0011] Start updating selected client 0074...!
[INFO](2022/05/10/ 08:16:36 PM) [Round: 0011] Start updating selected client 0083...!
[INFO](2022/05/10/ 08:16:36 PM) [Round: 0011] Start updating selected client 0092...!
[INFO](2022/05/10/ 08:16:36 PM) [Round: 0011] Start updating selected client 0096...!
[INFO](2022/05/10/ 08:16:36 PM) [Round: 0011] Start updating selected client 0093...!
[INFO](2022/05/10/ 08:16:42 PM) [Round: 0011] ...client 0081 is selected and updated (with total sample size: 600)!
[INFO](2022/05/10/ 08:16:43 PM) [Round: 0011] ...client 0074 is selected and updated (with total sample size: 600)!
[INFO](2022/05/10/ 08:16:43 PM) [Round: 0011] ...client 0092 is selected and updated (with total sample size: 600)!
[INFO](2022/05/10/ 08:16:44 PM) [Round: 0011] ...client 0083 is selected and updated (with total sample size: 600)!
[INFO](2022/05/10/ 08:16:45 PM) [Round: 0011] ...client 0004 is selected and updated (with total sample size: 600)!
[INFO](2022/05/10/ 08:16:45 PM) [Round: 0011] ...client 0046 is selected and updated (with total sample size: 600)!
[INFO](2022/05/10/ 08:16:47 PM) [Round: 0011] ...client 0096 is selected and updated (with total sample size: 600)!
[INFO](2022/05/10/ 08:16:47 PM) [Round: 0011] ...client 0093 is selected and updated (with total sample size: 600)!
[INFO](2022/05/10/ 08:16:47 PM) [Round: 0011] ...client 0001 is selected and updated (with total sample size: 600)!
[INFO](2022/05/10/ 08:16:47 PM) [Round: 0011] ...client 0061 is selected and updated (with total sample size: 600)!
[INFO](2022/05/10/ 08:16:47 PM) [Round: 0011] Evaluate selected 10 clients' models...!
[INFO](2022/05/10/ 08:16:48 PM) 	[Client 0092] ...finished evaluation!            
	=> Test loss: 0.0001            
	=> Test accuracy: 100.00%

[INFO](2022/05/10/ 08:16:48 PM) 	[Client 0004] ...finished evaluation!            
	=> Test loss: 0.0004            
	=> Test accuracy: 100.00%

[INFO](2022/05/10/ 08:16:48 PM) 	[Client 0074] ...finished evaluation!            
	=> Test loss: 0.0003            
	=> Test accuracy: 100.00%

[INFO](2022/05/10/ 08:16:48 PM) 	[Client 0093] ...finished evaluation!            
	=> Test loss: 0.0001            
	=> Test accuracy: 100.00%

[INFO](2022/05/10/ 08:16:48 PM) 	[Client 0046] ...finished evaluation!            
	=> Test loss: 0.0003            
	=> Test accuracy: 100.00%

[INFO](2022/05/10/ 08:16:48 PM) 	[Client 0096] ...finished evaluation!            
	=> Test loss: 0.0002            
	=> Test accuracy: 100.00%

[INFO](2022/05/10/ 08:16:48 PM) 	[Client 0081] ...finished evaluation!            
	=> Test loss: 0.0001            
	=> Test accuracy: 100.00%

[INFO](2022/05/10/ 08:16:48 PM) 	[Client 0061] ...finished evaluation!            
	=> Test loss: 0.0002            
	=> Test accuracy: 100.00%

[INFO](2022/05/10/ 08:16:48 PM) 	[Client 0001] ...finished evaluation!            
	=> Test loss: 0.0002            
	=> Test accuracy: 100.00%

[INFO](2022/05/10/ 08:16:48 PM) 	[Client 0083] ...finished evaluation!            
	=> Test loss: 0.0000            
	=> Test accuracy: 100.00%

[INFO](2022/05/10/ 08:16:49 PM) [Round: 0011] Aggregate updated weights of 10 clients...!
[INFO](2022/05/10/ 08:16:49 PM) [Round: 0011] ...updated weights of 10 clients are successfully averaged!
[INFO](2022/05/10/ 08:16:50 PM) [Round: 0011] Evaluate global model's performance...!                
	[Server] ...finished evaluation!                
	=> Loss: 0.4967                
	=> Accuracy: 82.77%

[INFO](2022/05/10/ 08:16:50 PM) [Round: 0012] Select clients...!
[INFO](2022/05/10/ 08:16:51 PM) [Round: 0012] ...successfully transmitted models to 10 selected clients!
[INFO](2022/05/10/ 08:16:51 PM) [Round: 0012] Start updating selected client 0026...!
[INFO](2022/05/10/ 08:16:51 PM) [Round: 0012] Start updating selected client 0040...!
[INFO](2022/05/10/ 08:16:51 PM) [Round: 0012] Start updating selected client 0008...!
[INFO](2022/05/10/ 08:16:51 PM) [Round: 0012] Start updating selected client 0019...!
[INFO](2022/05/10/ 08:16:51 PM) [Round: 0012] Start updating selected client 0054...!
[INFO](2022/05/10/ 08:16:51 PM) [Round: 0012] Start updating selected client 0072...!
[INFO](2022/05/10/ 08:16:51 PM) [Round: 0012] Start updating selected client 0086...!
[INFO](2022/05/10/ 08:16:51 PM) [Round: 0012] Start updating selected client 0091...!
[INFO](2022/05/10/ 08:16:51 PM) [Round: 0012] Start updating selected client 0075...!
[INFO](2022/05/10/ 08:16:51 PM) [Round: 0012] Start updating selected client 0094...!
[INFO](2022/05/10/ 08:16:58 PM) [Round: 0012] ...client 0091 is selected and updated (with total sample size: 600)!
[INFO](2022/05/10/ 08:16:58 PM) [Round: 0012] ...client 0008 is selected and updated (with total sample size: 600)!
[INFO](2022/05/10/ 08:16:59 PM) [Round: 0012] ...client 0075 is selected and updated (with total sample size: 600)!
[INFO](2022/05/10/ 08:16:59 PM) [Round: 0012] ...client 0026 is selected and updated (with total sample size: 600)!
[INFO](2022/05/10/ 08:17:00 PM) [Round: 0012] ...client 0086 is selected and updated (with total sample size: 600)!
[INFO](2022/05/10/ 08:17:01 PM) [Round: 0012] ...client 0072 is selected and updated (with total sample size: 600)!
[INFO](2022/05/10/ 08:17:01 PM) [Round: 0012] ...client 0019 is selected and updated (with total sample size: 600)!
[INFO](2022/05/10/ 08:17:02 PM) [Round: 0012] ...client 0094 is selected and updated (with total sample size: 600)!
[INFO](2022/05/10/ 08:17:02 PM) [Round: 0012] ...client 0040 is selected and updated (with total sample size: 600)!
[INFO](2022/05/10/ 08:17:03 PM) [Round: 0012] ...client 0054 is selected and updated (with total sample size: 600)!
[INFO](2022/05/10/ 08:17:03 PM) [Round: 0012] Evaluate selected 10 clients' models...!
[INFO](2022/05/10/ 08:17:04 PM) 	[Client 0008] ...finished evaluation!            
	=> Test loss: 0.0000            
	=> Test accuracy: 100.00%

[INFO](2022/05/10/ 08:17:04 PM) 	[Client 0094] ...finished evaluation!            
	=> Test loss: 0.0002            
	=> Test accuracy: 100.00%

[INFO](2022/05/10/ 08:17:04 PM) 	[Client 0072] ...finished evaluation!            
	=> Test loss: 0.0001            
	=> Test accuracy: 100.00%

[INFO](2022/05/10/ 08:17:04 PM) 	[Client 0054] ...finished evaluation!            
	=> Test loss: 0.0002            
	=> Test accuracy: 100.00%

[INFO](2022/05/10/ 08:17:04 PM) 	[Client 0040] ...finished evaluation!            
	=> Test loss: 0.0000            
	=> Test accuracy: 100.00%

[INFO](2022/05/10/ 08:17:04 PM) 	[Client 0075] ...finished evaluation!            
	=> Test loss: 0.0000            
	=> Test accuracy: 100.00%

[INFO](2022/05/10/ 08:17:04 PM) 	[Client 0086] ...finished evaluation!            
	=> Test loss: 0.0001            
	=> Test accuracy: 100.00%

[INFO](2022/05/10/ 08:17:04 PM) 	[Client 0019] ...finished evaluation!            
	=> Test loss: 0.0002            
	=> Test accuracy: 100.00%

[INFO](2022/05/10/ 08:17:04 PM) 	[Client 0091] ...finished evaluation!            
	=> Test loss: 0.0002            
	=> Test accuracy: 100.00%

[INFO](2022/05/10/ 08:17:04 PM) 	[Client 0026] ...finished evaluation!            
	=> Test loss: 0.0002            
	=> Test accuracy: 100.00%

[INFO](2022/05/10/ 08:17:04 PM) [Round: 0012] Aggregate updated weights of 10 clients...!
[INFO](2022/05/10/ 08:17:04 PM) [Round: 0012] ...updated weights of 10 clients are successfully averaged!
[INFO](2022/05/10/ 08:17:06 PM) [Round: 0012] Evaluate global model's performance...!                
	[Server] ...finished evaluation!                
	=> Loss: 0.2727                
	=> Accuracy: 90.00%

[INFO](2022/05/10/ 08:17:06 PM) [Round: 0013] Select clients...!
[INFO](2022/05/10/ 08:17:06 PM) [Round: 0013] ...successfully transmitted models to 10 selected clients!
[INFO](2022/05/10/ 08:17:06 PM) [Round: 0013] Start updating selected client 0015...!
[INFO](2022/05/10/ 08:17:06 PM) [Round: 0013] Start updating selected client 0022...!
[INFO](2022/05/10/ 08:17:06 PM) [Round: 0013] Start updating selected client 0054...!
[INFO](2022/05/10/ 08:17:06 PM) [Round: 0013] Start updating selected client 0048...!
[INFO](2022/05/10/ 08:17:06 PM) [Round: 0013] Start updating selected client 0062...!
[INFO](2022/05/10/ 08:17:06 PM) [Round: 0013] Start updating selected client 0061...!
[INFO](2022/05/10/ 08:17:06 PM) [Round: 0013] Start updating selected client 0071...!
[INFO](2022/05/10/ 08:17:06 PM) [Round: 0013] Start updating selected client 0082...!
[INFO](2022/05/10/ 08:17:06 PM) [Round: 0013] Start updating selected client 0097...!
[INFO](2022/05/10/ 08:17:06 PM) [Round: 0013] Start updating selected client 0089...!
[INFO](2022/05/10/ 08:17:12 PM) [Round: 0013] ...client 0071 is selected and updated (with total sample size: 600)!
[INFO](2022/05/10/ 08:17:13 PM) [Round: 0013] ...client 0062 is selected and updated (with total sample size: 600)!
[INFO](2022/05/10/ 08:17:13 PM) [Round: 0013] ...client 0054 is selected and updated (with total sample size: 600)!
[INFO](2022/05/10/ 08:17:14 PM) [Round: 0013] ...client 0089 is selected and updated (with total sample size: 600)!
